2019-07-22 14:55:51,469-[INFO]: Pytom initialized...
2019-07-22 14:55:51,470-[INFO]: Flask will be initialized...
2019-07-22 14:55:51,509-[WARNING]:  * Debugger is active!
2019-07-22 14:55:51,534-[INFO]:  * Debugger PIN: 585-126-348
2019-07-22 14:55:54,502-[INFO]: Initializing jsonify and loading data...
2019-07-22 14:55:54,502-[INFO]: PDB_Dictionary initialized.
2019-07-22 14:55:54,504-[INFO]: Looking if the file exists...
2019-07-22 14:55:54,505-[INFO]: File exists, it will be loaded.
2019-07-22 14:55:54,506-[INFO]: Reading specified arguments...
2019-07-22 14:55:54,507-[INFO]: Renewing database...
2019-07-22 14:55:54,699-[INFO]: Database was renewed.
2019-07-22 14:55:54,700-[INFO]: Renewing dictionary...
2019-07-22 14:55:54,700-[INFO]: PDB_Dictionary initialized.
2019-07-22 14:55:54,702-[INFO]: Initializing jsonify and loading data...
2019-07-22 14:55:54,702-[INFO]: PDB_Dictionary initialized.
2019-07-22 14:55:54,703-[INFO]: Saving dictionary...
2019-07-22 14:55:54,763-[INFO]: 127.0.0.1 - - [22/Jul/2019 14:55:54] "GET /delete HTTP/1.1" 200 -
2019-07-22 14:56:01,426-[INFO]: Initializing jsonify and loading data...
2019-07-22 14:56:01,427-[INFO]: PDB_Dictionary initialized.
2019-07-22 14:56:01,430-[INFO]: Looking if the file exists...
2019-07-22 14:56:01,431-[INFO]: File exists, it will be loaded.
2019-07-22 14:56:01,433-[INFO]: Reading specified arguments...
2019-07-22 14:56:01,434-[INFO]: Organism specified, splitting it...
2019-07-22 14:56:01,434-[INFO]: Checking if organism 2ki5 exist...
2019-07-22 14:56:01,452-[INFO]: Organism 2ki5 not found! It will be created.
2019-07-22 14:56:01,584-[INFO]: Starting to make URL with https://files.rcsb.org/download/ and 2ki5
2019-07-22 14:56:01,584-[INFO]: URL https://files.rcsb.org/download/2ki5.pdb created successfuly
2019-07-22 14:56:01,585-[INFO]: Starting the download procedure.
2019-07-22 14:56:01,585-[INFO]: Creating pdb file name.
2019-07-22 14:56:01,585-[INFO]: Download file name is: download_2ki5.pdb
2019-07-22 14:56:01,585-[INFO]: Checking if Pytom_Downloads/ exists
2019-07-22 14:56:01,586-[WARNING]: Pytom_Downloads/ don't exists, trying to make it.
2019-07-22 14:56:01,587-[INFO]: Directory exist, looking for old download files.
2019-07-22 14:56:01,587-[INFO]: Trying to download from URL.
2019-07-22 14:56:03,070-[INFO]: File downloaded from https://files.rcsb.org/download/2ki5.pdb successfuly.
2019-07-22 14:56:03,070-[INFO]: Setting new data in object atributes.
2019-07-22 14:56:09,069-[INFO]: Deleting Pytom Downloads folder...
2019-07-22 14:56:09,072-[INFO]: Folder removed successfuly!
2019-07-22 14:56:09,073-[INFO]: Checking if 2ki5 exists in dictionary...
2019-07-22 14:56:09,073-[INFO]: 2ki5 not found! It will be added in the dictionary for future use and manipulation...
2019-07-22 14:56:09,370-[INFO]: Initializing jsonify and loading data...
2019-07-22 14:56:09,372-[INFO]: PDB_Dictionary initialized.
2019-07-22 14:56:09,372-[INFO]: Looking if the file exists...
2019-07-22 14:56:09,373-[INFO]: File exists, it will be loaded.
2019-07-22 14:56:09,374-[INFO]: Saving dictionary...
2019-07-22 14:56:09,394-[INFO]: 127.0.0.1 - - [22/Jul/2019 14:56:09] "GET /organism?=2ki5 HTTP/1.1" 200 -
2019-07-22 14:56:23,634-[INFO]: Initializing jsonify and loading data...
2019-07-22 14:56:23,635-[INFO]: PDB_Dictionary initialized.
2019-07-22 14:56:23,636-[INFO]: Looking if the file exists...
2019-07-22 14:56:23,637-[INFO]: File exists, it will be loaded.
2019-07-22 14:56:23,639-[INFO]: Reading specified arguments...
2019-07-22 14:56:23,640-[INFO]: Checking if the camps were specified...
2019-07-22 14:56:23,640-[INFO]: Determining if CA is a string and can be transformed in to a float.
2019-07-22 14:56:23,640-[WARNING]: The data is a string or a character and can't be transformed in to a float.
2019-07-22 14:56:23,641-[INFO]: Arguments added to the list: [['CA'], 'name', 'accurate'], this have 3 data requirements so every other data will be ignored. Proceeding to call the function to apply to PDB object.
2019-07-22 14:56:23,641-[INFO]: Accurate mode recogniced, proceeding...
2019-07-22 14:56:23,641-[INFO]: Selecting specified camps from atom list and applying it...
2019-07-22 14:56:23,642-[INFO]: No coincidences, changes will not be applyied.
2019-07-22 14:56:23,651-[INFO]: 127.0.0.1 - - [22/Jul/2019 14:56:23] "GET /select?value=CA&camp=name&mode=accurate HTTP/1.1" 200 -
2019-07-22 14:56:51,335-[INFO]:  * Detected change in '/mnt/c/Users/PhoxSpark/iCloudDrive/Documents/Git/pytom-project/pytomproject/flask_pack/run_flask.py', reloading
