2019-07-22 14:52:54,612-[INFO]: Pytom initialized...
2019-07-22 14:52:54,612-[INFO]: Flask will be initialized...
2019-07-22 14:52:54,674-[WARNING]:  * Debugger is active!
2019-07-22 14:52:54,718-[INFO]:  * Debugger PIN: 479-191-639
2019-07-22 14:52:55,890-[INFO]: Initializing jsonify and loading data...
2019-07-22 14:52:55,890-[INFO]: PDB_Dictionary initialized.
2019-07-22 14:52:55,892-[INFO]: Looking if the file exists...
2019-07-22 14:52:55,893-[INFO]: File exists, it will be loaded.
2019-07-22 14:52:55,899-[INFO]: Reading specified arguments...
2019-07-22 14:52:55,902-[INFO]: Checking if the camps were specified...
2019-07-22 14:52:55,907-[INFO]: Determining if 10 is a string and can be transformed in to a float.
2019-07-22 14:52:55,908-[INFO]: The data now is transformed in to float.
2019-07-22 14:52:55,909-[INFO]: Arguments added to the list: [[10.0], 'x', 'normal'], this have 3 data requirements so every other data will be ignored. Proceeding to call the function to apply to PDB object.
2019-07-22 14:52:55,910-[INFO]: Normal mode recogniced, proceeding...
2019-07-22 14:52:55,910-[INFO]: Looking if the given data is a number or a string...
2019-07-22 14:52:55,911-[INFO]: No strings in Data, non accurate select will proceed...
2019-07-22 14:52:55,911-[INFO]: No coincidences, changes will not be applyied.
2019-07-22 14:52:56,006-[INFO]: 127.0.0.1 - - [22/Jul/2019 14:52:56] "GET /select?camp=x&value=10&mode=normal HTTP/1.1" 200 -
2019-07-22 14:53:42,120-[INFO]: Initializing jsonify and loading data...
2019-07-22 14:53:42,120-[INFO]: PDB_Dictionary initialized.
2019-07-22 14:53:42,121-[INFO]: Looking if the file exists...
2019-07-22 14:53:42,122-[INFO]: File exists, it will be loaded.
2019-07-22 14:53:42,124-[INFO]: Reading specified arguments...
2019-07-22 14:53:42,125-[INFO]: Checking if the camps were specified...
2019-07-22 14:53:42,126-[INFO]: Determining if 10 is a string and can be transformed in to a float.
2019-07-22 14:53:42,126-[INFO]: The data now is transformed in to float.
2019-07-22 14:53:42,127-[INFO]: Determining if 15 is a string and can be transformed in to a float.
2019-07-22 14:53:42,128-[INFO]: The data now is transformed in to float.
2019-07-22 14:53:42,128-[INFO]: Arguments added to the list: [[10.0, 15.0], 'x', 'range'], this have 3 data requirements so every other data will be ignored. Proceeding to call the function to apply to PDB object.
2019-07-22 14:53:42,128-[INFO]: Range mode recogniced, proceeding...
2019-07-22 14:53:42,129-[INFO]: Looking for two values...
2019-07-22 14:53:42,129-[INFO]: Found two values, are the same?
2019-07-22 14:53:42,129-[INFO]: The values [10.0, 15.0] aren't equal, sorting...
2019-07-22 14:53:42,130-[INFO]: The values are now sorted, calling function to apply range on the PDB...
2019-07-22 14:53:42,130-[INFO]: Range applyied.
2019-07-22 14:53:42,130-[INFO]: Selecting specified rang from atom list and aplying it...
2019-07-22 14:53:42,131-[INFO]: No coincidences, changes will not be applyied.
2019-07-22 14:53:42,141-[INFO]: 127.0.0.1 - - [22/Jul/2019 14:53:42] "GET /select?camp=x&value=10,15&mode=range HTTP/1.1" 200 -
2019-07-22 14:55:49,484-[INFO]:  * Detected change in '/mnt/c/Users/PhoxSpark/iCloudDrive/Documents/Git/pytom-project/pytomproject/flask_pack/pdb_dictionary_statements.py', reloading
